2018-07-14 04:30:01 +0000  Initial pipeline context: <IDEDistributionProcessingPipelineContext: 0x7f95b7ace1b0; archive(resolved)='<IDEArchive: 0x7f95cf31d030>', distributionTask(resolved)='2', distributionMethod(resolved)='<IDEDistributionMethodiOSAppStoreExport: 0x7f95c45fa530>', team(resolved)='<IDEProvisioningBasicTeam: 0x7f95b7df4260; teamID='GP8BUACAG4', teamName='Harbin Aipuyifeng Science&Tech. Development Co., Ltd.'>'>
	Chain (11, self inclusive):
	<IDEDistributionProcessingPipelineContext: 0x7f95b7ace1b0; archive = '<IDEArchive: 0x7f95cf31d030>', distributionMethod='<IDEDistributionMethodiOSAppStoreExport: 0x7f95c45fa530>', team='<IDEProvisioningBasicTeam: 0x7f95b7df4260; teamID='GP8BUACAG4', teamName='Harbin Aipuyifeng Science&Tech. Development Co., Ltd.'>'>
	<IDEDistributionProcessingPipelineContext: 0x7f95b7d7acf0; archive = '<IDEArchive: 0x7f95cf31d030>', distributionMethod='<IDEDistributionMethodiOSAppStoreExport: 0x7f95c45fa530>', team='<IDEProvisioningBasicTeam: 0x7f95b7df4260; teamID='GP8BUACAG4', teamName='Harbin Aipuyifeng Science&Tech. Development Co., Ltd.'>'>
	<IDEDistributionContext: 0x7f95b1928d40; archive = '<IDEArchive: 0x7f95cf31d030>', distributionMethod='<IDEDistributionMethodiOSAppStoreExport: 0x7f95c45fa530>', team='<IDEProvisioningBasicTeam: 0x7f95b7df4260; teamID='GP8BUACAG4', teamName='Harbin Aipuyifeng Science&Tech. Development Co., Ltd.'>'>
	<IDEDistributionContext: 0x7f95c40baa50; archive = '<IDEArchive: 0x7f95cf31d030>', distributionMethod='<IDEDistributionMethodiOSAppStoreExport: 0x7f95c45fa530>', team='<IDEProvisioningBasicTeam: 0x7f95b7df4260; teamID='GP8BUACAG4', teamName='Harbin Aipuyifeng Science&Tech. Development Co., Ltd.'>'>
	<IDEDistributionContext: 0x7f95c40bfb60; archive = '<IDEArchive: 0x7f95cf31d030>', distributionMethod='<IDEDistributionMethodiOSAppStoreExport: 0x7f95c45fa530>', team='<IDEProvisioningBasicTeam: 0x7f95b7df4260; teamID='GP8BUACAG4', teamName='Harbin Aipuyifeng Science&Tech. Development Co., Ltd.'>'>
	<IDEDistributionContext: 0x7f95b8502730; archive = '<IDEArchive: 0x7f95cf31d030>', distributionMethod='<IDEDistributionMethodiOSAppStoreExport: 0x7f95c45fa530>', team='<IDEProvisioningBasicTeam: 0x7f95b7df4260; teamID='GP8BUACAG4', teamName='Harbin Aipuyifeng Science&Tech. Development Co., Ltd.'>'>
	<IDEDistributionContext: 0x7f95b833ea00; archive = '<IDEArchive: 0x7f95cf31d030>', distributionMethod='<IDEDistributionMethodiOSAppStoreExport: 0x7f95c45fa530>', team='<IDEProvisioningBasicTeam: 0x7f95b7df4260; teamID='GP8BUACAG4', teamName='Harbin Aipuyifeng Science&Tech. Development Co., Ltd.'>'>
	<IDEDistributionContext: 0x7f95b78158a0; archive = '<IDEArchive: 0x7f95cf31d030>', distributionMethod='<IDEDistributionMethodiOSAppStoreExport: 0x7f95c45fa530>', team='<IDEProvisioningBasicTeam: 0x7f95b7df4260; teamID='GP8BUACAG4', teamName='Harbin Aipuyifeng Science&Tech. Development Co., Ltd.'>'>
	<IDEDistributionContext: 0x7f95b78199a0; archive = '<IDEArchive: 0x7f95cf31d030>', distributionMethod='<IDEDistributionMethodiOSAppStoreExport: 0x7f95c45fa530>', team='<IDEProvisioningBasicTeam: 0x7f95b7df4260; teamID='GP8BUACAG4', teamName='Harbin Aipuyifeng Science&Tech. Development Co., Ltd.'>'>
	<IDEDistributionContext: 0x7f95b7c702a0; archive = '<IDEArchive: 0x7f95cf31d030>', distributionMethod='<IDEDistributionMethodiOSAppStoreExport: 0x7f95c45fa530>', team='(null)'>
	<IDEDistributionContext: 0x7f95b817f350; archive = '<IDEArchive: 0x7f95cf31d030>', distributionMethod='(null)', team='(null)'>
</IDEDistributionProcessingPipelineContext: 0x7f95b7ace1b0>
2018-07-14 04:30:01 +0000  Processing step: IDEDistributionCreateDestRootStep
2018-07-14 04:30:01 +0000  Processing step: IDEDistributionCopyItemStep
2018-07-14 04:30:01 +0000  Running /usr/bin/ditto '-V' '/Users/binxl/Library/Developer/Xcode/Archives/2018-07-14/Aishixi_XueSheng 2018-7-14 下午12.29.xcarchive/Products/Applications/Aishixi_XueSheng.app' '/var/folders/_b/tsx8x1kd2t364qvmfm5nfnw00000gn/T/XcodeDistPipeline.CLh/Root/Payload/Aishixi_XueSheng.app'
2018-07-14 04:30:01 +0000  >>> Copying /Users/binxl/Library/Developer/Xcode/Archives/2018-07-14/Aishixi_XueSheng 2018-7-14 下午12.29.xcarchive/Products/Applications/Aishixi_XueSheng.app 
2018-07-14 04:30:01 +0000  copying file ./_CodeSignature/CodeResources ... 
2018-07-14 04:30:01 +0000  22464 bytes for ./_CodeSignature/CodeResources
2018-07-14 04:30:01 +0000  copying file ./LICENSE ... 
2018-07-14 04:30:01 +0000  1510 bytes for ./LICENSE
2018-07-14 04:30:01 +0000  copying file ./7008.wav ... 
2018-07-14 04:30:01 +0000  70044 bytes for ./7008.wav
2018-07-14 04:30:01 +0000  copying file ./MJRefresh.bundle/zh-Hans.lproj/Localizable.strings ... 
2018-07-14 04:30:01 +0000  1194 bytes for ./MJRefresh.bundle/zh-Hans.lproj/Localizable.strings
2018-07-14 04:30:01 +0000  copying file ./MJRefresh.bundle/en.lproj/Localizable.strings ... 
2018-07-14 04:30:01 +0000  1372 bytes for ./MJRefresh.bundle/en.lproj/Localizable.strings
2018-07-14 04:30:01 +0000  copying file ./MJRefresh.bundle/arrow@2x.png ... 
2018-07-14 04:30:01 +0000  1033 bytes for ./MJRefresh.bundle/arrow@2x.png
2018-07-14 04:30:01 +0000  copying file ./MJRefresh.bundle/zh-Hant.lproj/Localizable.strings ... 
2018-07-14 04:30:01 +0000  773 bytes for ./MJRefresh.bundle/zh-Hant.lproj/Localizable.strings
copying file ./AppIcon60x60@2x.png ... 
2018-07-14 04:30:01 +0000  7482 bytes for ./AppIcon60x60@2x.png
2018-07-14 04:30:01 +0000  copying file ./AppIcon29x29@2x.png ... 
2018-07-14 04:30:01 +0000  3944 bytes for ./AppIcon29x29@2x.png
copying file ./AppIcon40x40@3x.png ... 
2018-07-14 04:30:01 +0000  7482 bytes for ./AppIcon40x40@3x.png
copying file ./AppIcon40x40@2x.png ... 
2018-07-14 04:30:01 +0000  5723 bytes for ./AppIcon40x40@2x.png
copying file ./AppIcon29x29@3x.png ... 
2018-07-14 04:30:01 +0000  5969 bytes for ./AppIcon29x29@3x.png
copying file ./AppIcon60x60@3x.png ... 
2018-07-14 04:30:01 +0000  10389 bytes for ./AppIcon60x60@3x.png
2018-07-14 04:30:01 +0000  copying file ./Base.lproj/Main.storyboardc/MMMM.nib ... 
2018-07-14 04:30:01 +0000  1085 bytes for ./Base.lproj/Main.storyboardc/MMMM.nib
copying file ./Base.lproj/Main.storyboardc/6Rf-bZ-2uQ-view-hJA-ov-FwV.nib ... 
2018-07-14 04:30:01 +0000  27257 bytes for ./Base.lproj/Main.storyboardc/6Rf-bZ-2uQ-view-hJA-ov-FwV.nib
2018-07-14 04:30:01 +0000  copying file ./Base.lproj/Main.storyboardc/DiaryList.nib ... 
2018-07-14 04:30:01 +0000  1017 bytes for ./Base.lproj/Main.storyboardc/DiaryList.nib
copying file ./Base.lproj/Main.storyboardc/Attendance.nib ... 
2018-07-14 04:30:01 +0000  1019 bytes for ./Base.lproj/Main.storyboardc/Attendance.nib
copying file ./Base.lproj/Main.storyboardc/wMe-fL-MNg-view-xty-9l-Ahh.nib ... 
2018-07-14 04:30:01 +0000  3146 bytes for ./Base.lproj/Main.storyboardc/wMe-fL-MNg-view-xty-9l-Ahh.nib
copying file ./Base.lproj/Main.storyboardc/S3d-ST-Iga-view-8Ws-b7-neF.nib ... 
2018-07-14 04:30:01 +0000  6952 bytes for ./Base.lproj/Main.storyboardc/S3d-ST-Iga-view-8Ws-b7-neF.nib
copying file ./Base.lproj/Main.storyboardc/SHW-Mm-G5k-view-ctv-xA-ZKb.nib ... 
2018-07-14 04:30:01 +0000  2384 bytes for ./Base.lproj/Main.storyboardc/SHW-Mm-G5k-view-ctv-xA-ZKb.nib
copying file ./Base.lproj/Main.storyboardc/noticeinfo.nib ... 
2018-07-14 04:30:01 +0000  1019 bytes for ./Base.lproj/Main.storyboardc/noticeinfo.nib
2018-07-14 04:30:01 +0000  copying file ./Base.lproj/Main.storyboardc/AdvisoryInfo.nib ... 
2018-07-14 04:30:01 +0000  1023 bytes for ./Base.lproj/Main.storyboardc/AdvisoryInfo.nib
copying file ./Base.lproj/Main.storyboardc/ChangePass.nib ... 
2018-07-14 04:30:01 +0000  1019 bytes for ./Base.lproj/Main.storyboardc/ChangePass.nib
copying file ./Base.lproj/Main.storyboardc/Navagation.nib ... 
2018-07-14 04:30:01 +0000  1879 bytes for ./Base.lproj/Main.storyboardc/Navagation.nib
2018-07-14 04:30:01 +0000  copying file ./Base.lproj/Main.storyboardc/EditAdvisory.nib ... 
2018-07-14 04:30:01 +0000  1023 bytes for ./Base.lproj/Main.storyboardc/EditAdvisory.nib
copying file ./Base.lproj/Main.storyboardc/hyS-MG-1Tx-view-ett-LD-HV6.nib ... 
2018-07-14 04:30:01 +0000  7453 bytes for ./Base.lproj/Main.storyboardc/hyS-MG-1Tx-view-ett-LD-HV6.nib
copying file ./Base.lproj/Main.storyboardc/IOA-Tf-DjN-view-srV-VU-RPb.nib ... 
2018-07-14 04:30:01 +0000  3066 bytes for ./Base.lproj/Main.storyboardc/IOA-Tf-DjN-view-srV-VU-RPb.nib
2018-07-14 04:30:01 +0000  copying file ./Base.lproj/Main.storyboardc/L0S-Rg-LPC-view-klY-UD-2g0.nib ... 
2018-07-14 04:30:01 +0000  3057 bytes for ./Base.lproj/Main.storyboardc/L0S-Rg-LPC-view-klY-UD-2g0.nib
copying file ./Base.lproj/Main.storyboardc/wXV-rJ-tkQ-view-bjb-6l-iJN.nib ... 
2018-07-14 04:30:01 +0000  2780 bytes for ./Base.lproj/Main.storyboardc/wXV-rJ-tkQ-view-bjb-6l-iJN.nib
copying file ./Base.lproj/Main.storyboardc/Main.nib ... 
2018-07-14 04:30:01 +0000  1095 bytes for ./Base.lproj/Main.storyboardc/Main.nib
2018-07-14 04:30:01 +0000  copying file ./Base.lproj/Main.storyboardc/DiaryInfo.nib ... 
1017 bytes for ./Base.lproj/Main.storyboardc/DiaryInfo.nib
copying file ./Base.lproj/Main.storyboardc/oKQ-4o-q5z-view-oBT-BS-RdB.nib ... 
2018-07-14 04:30:01 +0000  7880 bytes for ./Base.lproj/Main.storyboardc/oKQ-4o-q5z-view-oBT-BS-RdB.nib
copying file ./Base.lproj/Main.storyboardc/Appraise.nib ... 
2018-07-14 04:30:01 +0000  1015 bytes for ./Base.lproj/Main.storyboardc/Appraise.nib
2018-07-14 04:30:01 +0000  copying file ./Base.lproj/Main.storyboardc/OY0-mw-l2a-view-lok-8k-yPM.nib ... 
2018-07-14 04:30:01 +0000  3425 bytes for ./Base.lproj/Main.storyboardc/OY0-mw-l2a-view-lok-8k-yPM.nib
copying file ./Base.lproj/Main.storyboardc/notice.nib ... 
2018-07-14 04:30:01 +0000  1011 bytes for ./Base.lproj/Main.storyboardc/notice.nib
copying file ./Base.lproj/Main.storyboardc/About.nib ... 
2018-07-14 04:30:01 +0000  961 bytes for ./Base.lproj/Main.storyboardc/About.nib
2018-07-14 04:30:01 +0000  copying file ./Base.lproj/Main.storyboardc/hEj-de-n4t-view-dzO-Id-Nyu.nib ... 
2018-07-14 04:30:01 +0000  10516 bytes for ./Base.lproj/Main.storyboardc/hEj-de-n4t-view-dzO-Id-Nyu.nib
2018-07-14 04:30:01 +0000  copying file ./Base.lproj/Main.storyboardc/SJ4-O0-Mw3-view-3nj-rI-IZ4.nib ... 
2018-07-14 04:30:01 +0000  6508 bytes for ./Base.lproj/Main.storyboardc/SJ4-O0-Mw3-view-3nj-rI-IZ4.nib
2018-07-14 04:30:01 +0000  copying file ./Base.lproj/Main.storyboardc/v96-Sf-fB7-view-17X-eQ-uHs.nib ... 
2018-07-14 04:30:01 +0000  6362 bytes for ./Base.lproj/Main.storyboardc/v96-Sf-fB7-view-17X-eQ-uHs.nib
2018-07-14 04:30:01 +0000  copying file ./Base.lproj/Main.storyboardc/BYZ-38-t0r-view-8bC-Xf-vdC.nib ... 
2018-07-14 04:30:01 +0000  7139 bytes for ./Base.lproj/Main.storyboardc/BYZ-38-t0r-view-8bC-Xf-vdC.nib
copying file ./Base.lproj/Main.storyboardc/UWq-8w-thc-view-az2-Y9-YbY.nib ... 
2018-07-14 04:30:01 +0000  7316 bytes for ./Base.lproj/Main.storyboardc/UWq-8w-thc-view-az2-Y9-YbY.nib
copying file ./Base.lproj/Main.storyboardc/MySelf.nib ... 
2018-07-14 04:30:01 +0000  1021 bytes for ./Base.lproj/Main.storyboardc/MySelf.nib
copying file ./Base.lproj/Main.storyboardc/Advisory.nib ... 
2018-07-14 04:30:01 +0000  1015 bytes for ./Base.lproj/Main.storyboardc/Advisory.nib
2018-07-14 04:30:01 +0000  copying file ./Base.lproj/Main.storyboardc/zF5-EY-K0Z-view-HSL-h4-Xyh.nib ... 
2018-07-14 04:30:01 +0000  22454 bytes for ./Base.lproj/Main.storyboardc/zF5-EY-K0Z-view-HSL-h4-Xyh.nib
2018-07-14 04:30:01 +0000  copying file ./Base.lproj/Main.storyboardc/NXe-Hf-IED-view-bI6-Px-f97.nib ... 
2018-07-14 04:30:01 +0000  29459 bytes for ./Base.lproj/Main.storyboardc/NXe-Hf-IED-view-bI6-Px-f97.nib
2018-07-14 04:30:01 +0000  copying file ./Base.lproj/Main.storyboardc/Set.nib ... 
2018-07-14 04:30:01 +0000  1083 bytes for ./Base.lproj/Main.storyboardc/Set.nib
copying file ./Base.lproj/Main.storyboardc/8iJ-id-XA9-view-E84-mS-4pC.nib ... 
2018-07-14 04:30:01 +0000  7054 bytes for ./Base.lproj/Main.storyboardc/8iJ-id-XA9-view-E84-mS-4pC.nib
copying file ./Base.lproj/Main.storyboardc/DengLu.nib ... 
2018-07-14 04:30:01 +0000  1090 bytes for ./Base.lproj/Main.storyboardc/DengLu.nib
copying file ./Base.lproj/Main.storyboardc/EditDiary.nib ... 
2018-07-14 04:30:01 +0000  1095 bytes for ./Base.lproj/Main.storyboardc/EditDiary.nib
2018-07-14 04:30:01 +0000  copying file ./Base.lproj/Main.storyboardc/Info.plist ... 
2018-07-14 04:30:01 +0000  637 bytes for ./Base.lproj/Main.storyboardc/Info.plist
copying file ./Base.lproj/Main.storyboardc/MlZ-dx-a4T-view-kfl-1W-3RH.nib ... 
2018-07-14 04:30:01 +0000  6329 bytes for ./Base.lproj/Main.storyboardc/MlZ-dx-a4T-view-kfl-1W-3RH.nib
2018-07-14 04:30:01 +0000  copying file ./Base.lproj/Main.storyboardc/phone.nib ... 
2018-07-14 04:30:01 +0000  1009 bytes for ./Base.lproj/Main.storyboardc/phone.nib
copying file ./Base.lproj/Main.storyboardc/Imginfo.nib ... 
2018-07-14 04:30:01 +0000  1013 bytes for ./Base.lproj/Main.storyboardc/Imginfo.nib
2018-07-14 04:30:01 +0000  copying file ./Base.lproj/LaunchScreen.storyboardc/01J-lp-oVM-view-Ze5-6b-2t3.nib ... 
2018-07-14 04:30:01 +0000  1792 bytes for ./Base.lproj/LaunchScreen.storyboardc/01J-lp-oVM-view-Ze5-6b-2t3.nib
2018-07-14 04:30:01 +0000  copying file ./Base.lproj/LaunchScreen.storyboardc/LaunchScreen.nib ... 
2018-07-14 04:30:01 +0000  879 bytes for ./Base.lproj/LaunchScreen.storyboardc/LaunchScreen.nib
copying file ./Base.lproj/LaunchScreen.storyboardc/Info.plist ... 
2018-07-14 04:30:01 +0000  193 bytes for ./Base.lproj/LaunchScreen.storyboardc/Info.plist
2018-07-14 04:30:01 +0000  copying file ./address.json ... 
2018-07-14 04:30:01 +0000  125563 bytes for ./address.json
copying file ./Assets.car ... 
2018-07-14 04:30:01 +0000  723928 bytes for ./Assets.car
2018-07-14 04:30:01 +0000  copying file ./Aishixi_XueSheng ... 
2018-07-14 04:30:01 +0000  23576384 bytes for ./Aishixi_XueSheng
2018-07-14 04:30:01 +0000  copying file ./embedded.mobileprovision ... 
2018-07-14 04:30:01 +0000  7715 bytes for ./embedded.mobileprovision
2018-07-14 04:30:01 +0000  copying file ./Info.plist ... 
2018-07-14 04:30:01 +0000  1592 bytes for ./Info.plist
copying file ./PkgInfo ... 
2018-07-14 04:30:01 +0000  8 bytes for ./PkgInfo
2018-07-14 04:30:01 +0000  2018-07-14 04:30:01 +0000  

2018-07-14 04:30:01 +0000  /usr/bin/ditto exited with 0
2018-07-14 04:30:01 +0000  2018-07-14 04:30:01 +0000  

2018-07-14 04:30:01 +0000  Processing step: IDEDistributionEmbedProfileStep
2018-07-14 04:30:01 +0000  Processing step: IDEDistributionItemRemovalStep
2018-07-14 04:30:01 +0000  Processing step: IDEDistributionAppThinningPlistStep
2018-07-14 04:30:01 +0000  Skipping step: IDEDistributionAppThinningPlistStep because it said so
2018-07-14 04:30:01 +0000  Processing step: IDEDistributionCompileBitcodeStep
2018-07-14 04:30:01 +0000  Skipping step: IDEDistributionCompileBitcodeStep because it said so
2018-07-14 04:30:01 +0000  Processing step: IDEDistributionCodeSlimmingStep
2018-07-14 04:30:01 +0000  Processing step: IDEDistributionCopyBCSymbolMapsStep
2018-07-14 04:30:01 +0000  Running /usr/bin/ditto '-V' '/Users/binxl/Library/Developer/Xcode/Archives/2018-07-14/Aishixi_XueSheng 2018-7-14 下午12.29.xcarchive/BCSymbolMaps/361CE2ED-A0F7-3107-85D4-7EABEB956BA8.bcsymbolmap' '/var/folders/_b/tsx8x1kd2t364qvmfm5nfnw00000gn/T/XcodeDistPipeline.CLh/Root/BCSymbolMaps/361CE2ED-A0F7-3107-85D4-7EABEB956BA8.bcsymbolmap'
2018-07-14 04:30:01 +0000  >>> Copying /Users/binxl/Library/Developer/Xcode/Archives/2018-07-14/Aishixi_XueSheng 2018-7-14 下午12.29.xcarchive/BCSymbolMaps/361CE2ED-A0F7-3107-85D4-7EABEB956BA8.bcsymbolmap 
2018-07-14 04:30:01 +0000  copying file ./361CE2ED-A0F7-3107-85D4-7EABEB956BA8.bcsymbolmap ... 
2018-07-14 04:30:01 +0000  445793 bytes for ./361CE2ED-A0F7-3107-85D4-7EABEB956BA8.bcsymbolmap
2018-07-14 04:30:01 +0000  2018-07-14 04:30:01 +0000  

2018-07-14 04:30:01 +0000  /usr/bin/ditto exited with 0
2018-07-14 04:30:01 +0000  2018-07-14 04:30:01 +0000  

2018-07-14 04:30:01 +0000  Running /usr/bin/ditto '-V' '/Users/binxl/Library/Developer/Xcode/Archives/2018-07-14/Aishixi_XueSheng 2018-7-14 下午12.29.xcarchive/BCSymbolMaps/CC008612-450A-3858-9322-63EEDF2A9B64.bcsymbolmap' '/var/folders/_b/tsx8x1kd2t364qvmfm5nfnw00000gn/T/XcodeDistPipeline.CLh/Root/BCSymbolMaps/CC008612-450A-3858-9322-63EEDF2A9B64.bcsymbolmap'
2018-07-14 04:30:01 +0000  >>> Copying /Users/binxl/Library/Developer/Xcode/Archives/2018-07-14/Aishixi_XueSheng 2018-7-14 下午12.29.xcarchive/BCSymbolMaps/CC008612-450A-3858-9322-63EEDF2A9B64.bcsymbolmap 
2018-07-14 04:30:01 +0000  copying file ./CC008612-450A-3858-9322-63EEDF2A9B64.bcsymbolmap ... 
2018-07-14 04:30:01 +0000  442582 bytes for ./CC008612-450A-3858-9322-63EEDF2A9B64.bcsymbolmap
2018-07-14 04:30:01 +0000  2018-07-14 04:30:01 +0000  2018-07-14 04:30:01 +0000  /usr/bin/ditto exited with 0


2018-07-14 04:30:01 +0000  Processing step: IDEDistributionSymbolsStep
2018-07-14 04:30:01 +0000  Excluding symbols for Aishixi_XueSheng.app
2018-07-14 04:30:01 +0000  Processing step: IDEDistributionCopyAppleProvidedContentStep
2018-07-14 04:30:01 +0000  Processing step: IDEDistributionAppThinningStep
2018-07-14 04:30:01 +0000  Skipping step: IDEDistributionAppThinningStep because it said so
2018-07-14 04:30:01 +0000  Processing step: IDEDistributionODRStep
2018-07-14 04:30:01 +0000  Processing step: IDEDistributionStripXattrsStep
2018-07-14 04:30:01 +0000  Running /usr/bin/xattr '-crs' '/var/folders/_b/tsx8x1kd2t364qvmfm5nfnw00000gn/T/XcodeDistPipeline.CLh/Root/Payload/Aishixi_XueSheng.app'
2018-07-14 04:30:02 +0000  2018-07-14 04:30:02 +0000  
2018-07-14 04:30:02 +0000  /usr/bin/xattr exited with 0

2018-07-14 04:30:02 +0000  
2018-07-14 04:30:02 +0000  2018-07-14 04:30:02 +0000  Processing step: IDEDistributionCodesignStep

2018-07-14 04:30:02 +0000  Entitlements for <IDEDistributionItem: 0x7f95b8184e50 'com.GuoYun.Aishixi-XueSheng' '<DVTFilePath:0x7f95b492ae40:'/Users/binxl/Library/Developer/Xcode/Archives/2018-07-14/Aishixi_XueSheng 2018-7-14 下午12.29.xcarchive/Products/Applications/Aishixi_XueSheng.app'>'>: {
    "application-identifier" = "GP8BUACAG4.com.GuoYun.Aishixi-XueSheng";
    "aps-environment" = production;
    "beta-reports-active" = 1;
    "com.apple.developer.team-identifier" = GP8BUACAG4;
    "get-task-allow" = 0;
}
2018-07-14 04:30:02 +0000  Writing entitlements for <IDEDistributionItem: 0x7f95b8184e50 'com.GuoYun.Aishixi-XueSheng' '<DVTFilePath:0x7f95b492ae40:'/Users/binxl/Library/Developer/Xcode/Archives/2018-07-14/Aishixi_XueSheng 2018-7-14 下午12.29.xcarchive/Products/Applications/Aishixi_XueSheng.app'>'> to: /var/folders/_b/tsx8x1kd2t364qvmfm5nfnw00000gn/T/XcodeDistPipeline.CLh/entitlementskQhfof
2018-07-14 04:30:02 +0000  Running /usr/bin/codesign '-vvv' '--force' '--sign' '2D020F3AC416E851B659FB7C2B430260760C3AC1' '--preserve-metadata=identifier,flags' '--entitlements' '/var/folders/_b/tsx8x1kd2t364qvmfm5nfnw00000gn/T/XcodeDistPipeline.CLh/entitlementskQhfof' '/var/folders/_b/tsx8x1kd2t364qvmfm5nfnw00000gn/T/XcodeDistPipeline.CLh/Root/Payload/Aishixi_XueSheng.app'
2018-07-14 04:30:02 +0000  /var/folders/_b/tsx8x1kd2t364qvmfm5nfnw00000gn/T/XcodeDistPipeline.CLh/Root/Payload/Aishixi_XueSheng.app: signed app bundle with Mach-O universal (armv7 arm64) [com.GuoYun.Aishixi-XueSheng]
2018-07-14 04:30:02 +0000  
2018-07-14 04:30:02 +0000  2018-07-14 04:30:02 +0000  /usr/bin/codesign exited with 0

2018-07-14 04:30:02 +0000  
2018-07-14 04:30:02 +0000  Processing step: IDEDistributionStreamingZipItemStep
2018-07-14 04:30:02 +0000  Skipping step: IDEDistributionStreamingZipItemStep because it said so
2018-07-14 04:30:02 +0000  Processing step: IDEDistributionCreateIPAStep
2018-07-14 04:30:02 +0000  Running /usr/bin/ditto '-V' '-c' '-k' '--norsrc' '/var/folders/_b/tsx8x1kd2t364qvmfm5nfnw00000gn/T/XcodeDistPipeline.CLh/Root' '/var/folders/_b/tsx8x1kd2t364qvmfm5nfnw00000gn/T/XcodeDistPipeline.CLh/Packages/Aishixi_XueSheng.ipa'
2018-07-14 04:30:02 +0000  >>> Copying /var/folders/_b/tsx8x1kd2t364qvmfm5nfnw00000gn/T/XcodeDistPipeline.CLh/Root 
2018-07-14 04:30:02 +0000  copying file ./BCSymbolMaps/CC008612-450A-3858-9322-63EEDF2A9B64.bcsymbolmap ... 
2018-07-14 04:30:02 +0000  442582 bytes for ./BCSymbolMaps/CC008612-450A-3858-9322-63EEDF2A9B64.bcsymbolmap
copying file ./BCSymbolMaps/361CE2ED-A0F7-3107-85D4-7EABEB956BA8.bcsymbolmap ... 
2018-07-14 04:30:02 +0000  445793 bytes for ./BCSymbolMaps/361CE2ED-A0F7-3107-85D4-7EABEB956BA8.bcsymbolmap
2018-07-14 04:30:02 +0000  copying file ./Payload/Aishixi_XueSheng.app/_CodeSignature/CodeResources ... 
2018-07-14 04:30:02 +0000  22464 bytes for ./Payload/Aishixi_XueSheng.app/_CodeSignature/CodeResources
copying file ./Payload/Aishixi_XueSheng.app/LICENSE ... 
2018-07-14 04:30:02 +0000  1510 bytes for ./Payload/Aishixi_XueSheng.app/LICENSE
copying file ./Payload/Aishixi_XueSheng.app/7008.wav ... 
2018-07-14 04:30:02 +0000  70044 bytes for ./Payload/Aishixi_XueSheng.app/7008.wav
2018-07-14 04:30:02 +0000  copying file ./Payload/Aishixi_XueSheng.app/MJRefresh.bundle/zh-Hans.lproj/Localizable.strings ... 
1194 bytes for ./Payload/Aishixi_XueSheng.app/MJRefresh.bundle/zh-Hans.lproj/Localizable.strings
copying file ./Payload/Aishixi_XueSheng.app/MJRefresh.bundle/en.lproj/Localizable.strings ... 
2018-07-14 04:30:02 +0000  1372 bytes for ./Payload/Aishixi_XueSheng.app/MJRefresh.bundle/en.lproj/Localizable.strings
copying file ./Payload/Aishixi_XueSheng.app/MJRefresh.bundle/arrow@2x.png ... 
2018-07-14 04:30:02 +0000  1033 bytes for ./Payload/Aishixi_XueSheng.app/MJRefresh.bundle/arrow@2x.png
copying file ./Payload/Aishixi_XueSheng.app/MJRefresh.bundle/zh-Hant.lproj/Localizable.strings ... 
773 bytes for ./Payload/Aishixi_XueSheng.app/MJRefresh.bundle/zh-Hant.lproj/Localizable.strings
copying file ./Payload/Aishixi_XueSheng.app/AppIcon60x60@2x.png ... 
2018-07-14 04:30:02 +0000  7482 bytes for ./Payload/Aishixi_XueSheng.app/AppIcon60x60@2x.png
copying file ./Payload/Aishixi_XueSheng.app/AppIcon29x29@2x.png ... 
2018-07-14 04:30:02 +0000  3944 bytes for ./Payload/Aishixi_XueSheng.app/AppIcon29x29@2x.png
copying file ./Payload/Aishixi_XueSheng.app/AppIcon40x40@3x.png ... 
2018-07-14 04:30:02 +0000  7482 bytes for ./Payload/Aishixi_XueSheng.app/AppIcon40x40@3x.png
copying file ./Payload/Aishixi_XueSheng.app/AppIcon40x40@2x.png ... 
2018-07-14 04:30:02 +0000  5723 bytes for ./Payload/Aishixi_XueSheng.app/AppIcon40x40@2x.png
copying file ./Payload/Aishixi_XueSheng.app/AppIcon29x29@3x.png ... 
2018-07-14 04:30:02 +0000  5969 bytes for ./Payload/Aishixi_XueSheng.app/AppIcon29x29@3x.png
copying file ./Payload/Aishixi_XueSheng.app/AppIcon60x60@3x.png ... 
2018-07-14 04:30:02 +0000  10389 bytes for ./Payload/Aishixi_XueSheng.app/AppIcon60x60@3x.png
2018-07-14 04:30:02 +0000  copying file ./Payload/Aishixi_XueSheng.app/Base.lproj/Main.storyboardc/MMMM.nib ... 
2018-07-14 04:30:02 +0000  1085 bytes for ./Payload/Aishixi_XueSheng.app/Base.lproj/Main.storyboardc/MMMM.nib
copying file ./Payload/Aishixi_XueSheng.app/Base.lproj/Main.storyboardc/6Rf-bZ-2uQ-view-hJA-ov-FwV.nib ... 
2018-07-14 04:30:02 +0000  27257 bytes for ./Payload/Aishixi_XueSheng.app/Base.lproj/Main.storyboardc/6Rf-bZ-2uQ-view-hJA-ov-FwV.nib
2018-07-14 04:30:02 +0000  copying file ./Payload/Aishixi_XueSheng.app/Base.lproj/Main.storyboardc/DiaryList.nib ... 
1017 bytes for ./Payload/Aishixi_XueSheng.app/Base.lproj/Main.storyboardc/DiaryList.nib
2018-07-14 04:30:02 +0000  copying file ./Payload/Aishixi_XueSheng.app/Base.lproj/Main.storyboardc/Attendance.nib ... 
2018-07-14 04:30:02 +0000  1019 bytes for ./Payload/Aishixi_XueSheng.app/Base.lproj/Main.storyboardc/Attendance.nib
copying file ./Payload/Aishixi_XueSheng.app/Base.lproj/Main.storyboardc/wMe-fL-MNg-view-xty-9l-Ahh.nib ... 
2018-07-14 04:30:02 +0000  3146 bytes for ./Payload/Aishixi_XueSheng.app/Base.lproj/Main.storyboardc/wMe-fL-MNg-view-xty-9l-Ahh.nib
copying file ./Payload/Aishixi_XueSheng.app/Base.lproj/Main.storyboardc/S3d-ST-Iga-view-8Ws-b7-neF.nib ... 
2018-07-14 04:30:02 +0000  6952 bytes for ./Payload/Aishixi_XueSheng.app/Base.lproj/Main.storyboardc/S3d-ST-Iga-view-8Ws-b7-neF.nib
2018-07-14 04:30:02 +0000  copying file ./Payload/Aishixi_XueSheng.app/Base.lproj/Main.storyboardc/SHW-Mm-G5k-view-ctv-xA-ZKb.nib ... 
2384 bytes for ./Payload/Aishixi_XueSheng.app/Base.lproj/Main.storyboardc/SHW-Mm-G5k-view-ctv-xA-ZKb.nib
copying file ./Payload/Aishixi_XueSheng.app/Base.lproj/Main.storyboardc/noticeinfo.nib ... 
2018-07-14 04:30:02 +0000  1019 bytes for ./Payload/Aishixi_XueSheng.app/Base.lproj/Main.storyboardc/noticeinfo.nib
copying file ./Payload/Aishixi_XueSheng.app/Base.lproj/Main.storyboardc/AdvisoryInfo.nib ... 
1023 bytes for ./Payload/Aishixi_XueSheng.app/Base.lproj/Main.storyboardc/AdvisoryInfo.nib
copying file ./Payload/Aishixi_XueSheng.app/Base.lproj/Main.storyboardc/ChangePass.nib ... 
2018-07-14 04:30:02 +0000  1019 bytes for ./Payload/Aishixi_XueSheng.app/Base.lproj/Main.storyboardc/ChangePass.nib
copying file ./Payload/Aishixi_XueSheng.app/Base.lproj/Main.storyboardc/Navagation.nib ... 
2018-07-14 04:30:02 +0000  1879 bytes for ./Payload/Aishixi_XueSheng.app/Base.lproj/Main.storyboardc/Navagation.nib
copying file ./Payload/Aishixi_XueSheng.app/Base.lproj/Main.storyboardc/EditAdvisory.nib ... 
1023 bytes for ./Payload/Aishixi_XueSheng.app/Base.lproj/Main.storyboardc/EditAdvisory.nib
copying file ./Payload/Aishixi_XueSheng.app/Base.lproj/Main.storyboardc/hyS-MG-1Tx-view-ett-LD-HV6.nib ... 
2018-07-14 04:30:02 +0000  7453 bytes for ./Payload/Aishixi_XueSheng.app/Base.lproj/Main.storyboardc/hyS-MG-1Tx-view-ett-LD-HV6.nib
2018-07-14 04:30:02 +0000  copying file ./Payload/Aishixi_XueSheng.app/Base.lproj/Main.storyboardc/IOA-Tf-DjN-view-srV-VU-RPb.nib ... 
3066 bytes for ./Payload/Aishixi_XueSheng.app/Base.lproj/Main.storyboardc/IOA-Tf-DjN-view-srV-VU-RPb.nib
copying file ./Payload/Aishixi_XueSheng.app/Base.lproj/Main.storyboardc/L0S-Rg-LPC-view-klY-UD-2g0.nib ... 
2018-07-14 04:30:02 +0000  3057 bytes for ./Payload/Aishixi_XueSheng.app/Base.lproj/Main.storyboardc/L0S-Rg-LPC-view-klY-UD-2g0.nib
copying file ./Payload/Aishixi_XueSheng.app/Base.lproj/Main.storyboardc/wXV-rJ-tkQ-view-bjb-6l-iJN.nib ... 
2018-07-14 04:30:02 +0000  2780 bytes for ./Payload/Aishixi_XueSheng.app/Base.lproj/Main.storyboardc/wXV-rJ-tkQ-view-bjb-6l-iJN.nib
copying file ./Payload/Aishixi_XueSheng.app/Base.lproj/Main.storyboardc/Main.nib ... 
2018-07-14 04:30:02 +0000  1095 bytes for ./Payload/Aishixi_XueSheng.app/Base.lproj/Main.storyboardc/Main.nib
copying file ./Payload/Aishixi_XueSheng.app/Base.lproj/Main.storyboardc/DiaryInfo.nib ... 
2018-07-14 04:30:02 +0000  1017 bytes for ./Payload/Aishixi_XueSheng.app/Base.lproj/Main.storyboardc/DiaryInfo.nib
copying file ./Payload/Aishixi_XueSheng.app/Base.lproj/Main.storyboardc/oKQ-4o-q5z-view-oBT-BS-RdB.nib ... 
2018-07-14 04:30:02 +0000  7880 bytes for ./Payload/Aishixi_XueSheng.app/Base.lproj/Main.storyboardc/oKQ-4o-q5z-view-oBT-BS-RdB.nib
copying file ./Payload/Aishixi_XueSheng.app/Base.lproj/Main.storyboardc/Appraise.nib ... 
2018-07-14 04:30:02 +0000  1015 bytes for ./Payload/Aishixi_XueSheng.app/Base.lproj/Main.storyboardc/Appraise.nib
copying file ./Payload/Aishixi_XueSheng.app/Base.lproj/Main.storyboardc/OY0-mw-l2a-view-lok-8k-yPM.nib ... 
2018-07-14 04:30:02 +0000  3425 bytes for ./Payload/Aishixi_XueSheng.app/Base.lproj/Main.storyboardc/OY0-mw-l2a-view-lok-8k-yPM.nib
copying file ./Payload/Aishixi_XueSheng.app/Base.lproj/Main.storyboardc/notice.nib ... 
1011 bytes for ./Payload/Aishixi_XueSheng.app/Base.lproj/Main.storyboardc/notice.nib
copying file ./Payload/Aishixi_XueSheng.app/Base.lproj/Main.storyboardc/About.nib ... 
2018-07-14 04:30:02 +0000  961 bytes for ./Payload/Aishixi_XueSheng.app/Base.lproj/Main.storyboardc/About.nib
copying file ./Payload/Aishixi_XueSheng.app/Base.lproj/Main.storyboardc/hEj-de-n4t-view-dzO-Id-Nyu.nib ... 
2018-07-14 04:30:02 +0000  10516 bytes for ./Payload/Aishixi_XueSheng.app/Base.lproj/Main.storyboardc/hEj-de-n4t-view-dzO-Id-Nyu.nib
copying file ./Payload/Aishixi_XueSheng.app/Base.lproj/Main.storyboardc/SJ4-O0-Mw3-view-3nj-rI-IZ4.nib ... 
2018-07-14 04:30:02 +0000  6508 bytes for ./Payload/Aishixi_XueSheng.app/Base.lproj/Main.storyboardc/SJ4-O0-Mw3-view-3nj-rI-IZ4.nib
copying file ./Payload/Aishixi_XueSheng.app/Base.lproj/Main.storyboardc/v96-Sf-fB7-view-17X-eQ-uHs.nib ... 
2018-07-14 04:30:02 +0000  6362 bytes for ./Payload/Aishixi_XueSheng.app/Base.lproj/Main.storyboardc/v96-Sf-fB7-view-17X-eQ-uHs.nib
copying file ./Payload/Aishixi_XueSheng.app/Base.lproj/Main.storyboardc/BYZ-38-t0r-view-8bC-Xf-vdC.nib ... 
2018-07-14 04:30:02 +0000  7139 bytes for ./Payload/Aishixi_XueSheng.app/Base.lproj/Main.storyboardc/BYZ-38-t0r-view-8bC-Xf-vdC.nib
copying file ./Payload/Aishixi_XueSheng.app/Base.lproj/Main.storyboardc/UWq-8w-thc-view-az2-Y9-YbY.nib ... 
2018-07-14 04:30:02 +0000  7316 bytes for ./Payload/Aishixi_XueSheng.app/Base.lproj/Main.storyboardc/UWq-8w-thc-view-az2-Y9-YbY.nib
copying file ./Payload/Aishixi_XueSheng.app/Base.lproj/Main.storyboardc/MySelf.nib ... 
2018-07-14 04:30:02 +0000  1021 bytes for ./Payload/Aishixi_XueSheng.app/Base.lproj/Main.storyboardc/MySelf.nib
copying file ./Payload/Aishixi_XueSheng.app/Base.lproj/Main.storyboardc/Advisory.nib ... 
1015 bytes for ./Payload/Aishixi_XueSheng.app/Base.lproj/Main.storyboardc/Advisory.nib
copying file ./Payload/Aishixi_XueSheng.app/Base.lproj/Main.storyboardc/zF5-EY-K0Z-view-HSL-h4-Xyh.nib ... 
2018-07-14 04:30:02 +0000  22454 bytes for ./Payload/Aishixi_XueSheng.app/Base.lproj/Main.storyboardc/zF5-EY-K0Z-view-HSL-h4-Xyh.nib
copying file ./Payload/Aishixi_XueSheng.app/Base.lproj/Main.storyboardc/NXe-Hf-IED-view-bI6-Px-f97.nib ... 
2018-07-14 04:30:02 +0000  29459 bytes for ./Payload/Aishixi_XueSheng.app/Base.lproj/Main.storyboardc/NXe-Hf-IED-view-bI6-Px-f97.nib
copying file ./Payload/Aishixi_XueSheng.app/Base.lproj/Main.storyboardc/Set.nib ... 
2018-07-14 04:30:02 +0000  1083 bytes for ./Payload/Aishixi_XueSheng.app/Base.lproj/Main.storyboardc/Set.nib
copying file ./Payload/Aishixi_XueSheng.app/Base.lproj/Main.storyboardc/8iJ-id-XA9-view-E84-mS-4pC.nib ... 
2018-07-14 04:30:02 +0000  7054 bytes for ./Payload/Aishixi_XueSheng.app/Base.lproj/Main.storyboardc/8iJ-id-XA9-view-E84-mS-4pC.nib
copying file ./Payload/Aishixi_XueSheng.app/Base.lproj/Main.storyboardc/DengLu.nib ... 
2018-07-14 04:30:02 +0000  1090 bytes for ./Payload/Aishixi_XueSheng.app/Base.lproj/Main.storyboardc/DengLu.nib
copying file ./Payload/Aishixi_XueSheng.app/Base.lproj/Main.storyboardc/EditDiary.nib ... 
1095 bytes for ./Payload/Aishixi_XueSheng.app/Base.lproj/Main.storyboardc/EditDiary.nib
copying file ./Payload/Aishixi_XueSheng.app/Base.lproj/Main.storyboardc/Info.plist ... 
2018-07-14 04:30:02 +0000  637 bytes for ./Payload/Aishixi_XueSheng.app/Base.lproj/Main.storyboardc/Info.plist
copying file ./Payload/Aishixi_XueSheng.app/Base.lproj/Main.storyboardc/MlZ-dx-a4T-view-kfl-1W-3RH.nib ... 
2018-07-14 04:30:02 +0000  6329 bytes for ./Payload/Aishixi_XueSheng.app/Base.lproj/Main.storyboardc/MlZ-dx-a4T-view-kfl-1W-3RH.nib
copying file ./Payload/Aishixi_XueSheng.app/Base.lproj/Main.storyboardc/phone.nib ... 
2018-07-14 04:30:02 +0000  1009 bytes for ./Payload/Aishixi_XueSheng.app/Base.lproj/Main.storyboardc/phone.nib
copying file ./Payload/Aishixi_XueSheng.app/Base.lproj/Main.storyboardc/Imginfo.nib ... 
1013 bytes for ./Payload/Aishixi_XueSheng.app/Base.lproj/Main.storyboardc/Imginfo.nib
2018-07-14 04:30:02 +0000  copying file ./Payload/Aishixi_XueSheng.app/Base.lproj/LaunchScreen.storyboardc/01J-lp-oVM-view-Ze5-6b-2t3.nib ... 
2018-07-14 04:30:02 +0000  1792 bytes for ./Payload/Aishixi_XueSheng.app/Base.lproj/LaunchScreen.storyboardc/01J-lp-oVM-view-Ze5-6b-2t3.nib
copying file ./Payload/Aishixi_XueSheng.app/Base.lproj/LaunchScreen.storyboardc/LaunchScreen.nib ... 
2018-07-14 04:30:02 +0000  879 bytes for ./Payload/Aishixi_XueSheng.app/Base.lproj/LaunchScreen.storyboardc/LaunchScreen.nib
copying file ./Payload/Aishixi_XueSheng.app/Base.lproj/LaunchScreen.storyboardc/Info.plist ... 
193 bytes for ./Payload/Aishixi_XueSheng.app/Base.lproj/LaunchScreen.storyboardc/Info.plist
copying file ./Payload/Aishixi_XueSheng.app/address.json ... 
2018-07-14 04:30:02 +0000  125563 bytes for ./Payload/Aishixi_XueSheng.app/address.json
copying file ./Payload/Aishixi_XueSheng.app/Assets.car ... 
2018-07-14 04:30:02 +0000  723928 bytes for ./Payload/Aishixi_XueSheng.app/Assets.car
copying file ./Payload/Aishixi_XueSheng.app/Aishixi_XueSheng ... 
2018-07-14 04:30:03 +0000  20138672 bytes for ./Payload/Aishixi_XueSheng.app/Aishixi_XueSheng
2018-07-14 04:30:03 +0000  copying file ./Payload/Aishixi_XueSheng.app/embedded.mobileprovision ... 
7715 bytes for ./Payload/Aishixi_XueSheng.app/embedded.mobileprovision
copying file ./Payload/Aishixi_XueSheng.app/Info.plist ... 
1592 bytes for ./Payload/Aishixi_XueSheng.app/Info.plist
copying file ./Payload/Aishixi_XueSheng.app/PkgInfo ... 
8 bytes for ./Payload/Aishixi_XueSheng.app/PkgInfo
2018-07-14 04:30:03 +0000  
2018-07-14 04:30:03 +0000  2018-07-14 04:30:03 +0000  /usr/bin/ditto exited with 0
2018-07-14 04:30:03 +0000  

2018-07-14 04:30:03 +0000  Processing step: IDEDistributionCreateManifestStep
2018-07-14 04:30:03 +0000  Skipping step: IDEDistributionCreateManifestStep because it said so
